<?xml version="1.0" encoding="UTF-8"?>
<testng-results ignored="0" total="1" passed="1" failed="0" skipped="0">
  <reporter-output>
  </reporter-output>
  <suite started-at="2024-04-02T23:30:01 IST" name="Suite" finished-at="2024-04-02T23:30:01 IST" duration-ms="853">
    <groups>
    </groups>
    <test started-at="2024-04-02T23:30:01 IST" name="Test1" finished-at="2024-04-02T23:30:01 IST" duration-ms="853">
      <class name="demo.Test1">
        <test-method signature="main()[pri:0, instance:demo.Test1@59505b48]" started-at="2024-04-02T23:30:01 IST" name="main" finished-at="2024-04-02T23:30:01 IST" duration-ms="787" status="PASS">
          <reporter-output>
          </reporter-output>
        </test-method> <!-- main -->
      </class> <!-- demo.Test1 -->
    </test> <!-- Test1 -->
  </suite> <!-- Suite -->
</testng-results>
